[2015-04-30 14:23:11] START
[2015-04-30 14:26:49] EDIT garden/models/db.py: -14
[2015-04-30 14:27:20] EDIT garden/models/db.py: 0
[2015-04-30 14:37:54] EDIT garden/models/db.py: 2
[2015-04-30 14:38:27] EDIT garden/models/db.py: -1
[2015-04-30 14:38:40] EDIT garden/models/db.py: 1
[2015-04-30 14:46:56] EDIT garden/models/db.py: 2
[2015-04-30 14:47:17] EDIT garden/models/db.py: 0
[2015-04-30 14:50:26] EDIT garden/models/db.py: -15
[2015-04-30 14:51:13] EDIT garden/models/db.py: 20
[2015-04-30 14:52:38] EDIT garden/controllers/default.py: -49
[2015-04-30 14:53:31] EDIT garden/views/default/index.html: -31
[2015-04-30 14:54:06] EDIT garden/models/db.py: 1
[2015-04-30 14:54:29] EDIT garden/models/db.py: 0
[2015-04-30 14:57:45] EDIT garden/views/default/index.html: 0
[2015-04-30 15:11:23] EDIT garden/models/db.py: -2
[2015-04-30 15:12:26] EDIT garden/models/db.py: 0
[2015-04-30 15:12:54] EDIT garden/models/db.py: 0
[2015-04-30 15:14:18] EDIT garden/models/db.py: 0
[2015-04-30 15:14:30] CREATE 1_n.py: 0
[2015-04-30 15:14:37] CREATE 2_n.py: 0
[2015-04-30 15:14:45] CREATE 12_n.py: 0
[2015-04-30 15:15:03] DELETE garden/models/12_n.py: 0
[2015-04-30 15:15:08] DELETE garden/models/1_n.py: 0
[2015-04-30 15:15:12] DELETE garden/models/2_n.py: 0
[2015-04-30 15:15:19] CREATE n_1.py: 0
[2015-04-30 15:15:26] CREATE n_2.py: 0
[2015-04-30 15:15:37] CREATE n_12.py: 0
[2015-04-30 15:15:44] DELETE garden/models/n_12.py: 0
[2015-04-30 15:15:51] DELETE garden/models/n_2.py: 0
[2015-04-30 15:16:00] DELETE garden/models/n_1.py: 0
[2015-04-30 15:16:58] CREATE 1_n.py: 0
[2015-04-30 15:17:07] CREATE 2_n.py: 0
[2015-04-30 15:17:15] CREATE 12_n.py: 0
[2015-04-30 15:17:26] DELETE garden/models/2_n.py: 0
[2015-04-30 15:17:30] DELETE garden/models/1_n.py: 0
[2015-04-30 15:17:33] DELETE garden/models/12_n.py: 0
[2015-04-30 15:17:44] CREATE 1-n.py: 0
[2015-04-30 15:17:51] CREATE 12-n.py: 0
[2015-04-30 15:17:58] CREATE 2-n.py: 0
[2015-04-30 15:18:04] DELETE garden/models/2-n.py: 0
[2015-04-30 15:18:12] DELETE garden/models/12-n.py: 0
[2015-04-30 15:18:57] DELETE garden/models/1-n.py: 0
[2015-04-30 15:20:32] CREATE auth.py: 0
[2015-04-30 15:20:58] EDIT garden/models/auth.py: 20
[2015-04-30 15:21:12] CREATE location.py: 0
[2015-04-30 15:21:54] DELETE garden/models/auth.py: -20
[2015-04-30 15:21:59] DELETE garden/models/location.py: 0
[2015-04-30 15:22:50] DELETE garden/models/menu.py: -116
[2015-04-30 15:23:30] CREATE a-db.py: 0
[2015-04-30 15:24:29] EDIT garden/models/a-db.py: 1
[2015-04-30 15:24:44] CREATE b-locations.py: 0
[2015-04-30 15:26:36] EDIT garden/models/b-locations.py: 2
[2015-04-30 15:26:43] EDIT garden/models/b-locations.py: 0
[2015-04-30 15:26:52] EDIT garden/models/b-locations.py: 0
[2015-04-30 15:27:35] CREATE c-auth.py: 0
[2015-04-30 15:27:45] EDIT garden/models/c-auth.py: 20
[2015-04-30 15:27:51] EDIT garden/models/c-auth.py: 0
[2015-04-30 15:28:44] EDIT garden/models/c-auth.py: -1
[2015-04-30 15:29:23] EDIT garden/views/default/index.html: 1
[2015-04-30 15:29:50] EDIT garden/views/layout.html: 0
[2015-04-30 15:30:11] EDIT garden/views/layout.html: 0
[2015-04-30 15:31:08] EDIT garden/views/layout.html: 0
[2015-04-30 15:33:26] EDIT garden/controllers/default.py: 2
[2015-04-30 15:33:49] EDIT garden/controllers/default.py: 0
[2015-04-30 16:48:36] EDIT garden/models/c-auth.py: -4
[2015-04-30 16:54:02] DELETE garden/models/db.py: -21
[2015-04-30 16:54:23] EDIT garden/models/c-auth.py: 0
[2015-04-30 16:55:06] EDIT garden/models/c-auth.py: 0
[2015-04-30 17:10:42] CREATE db.py: 0
[2015-05-01 11:50:35] DELETE garden/models/c-auth.py: -15
[2015-05-01 11:50:39] DELETE garden/models/b-locations.py: -2
[2015-05-01 11:51:13] DELETE garden/models/a-db.py: -1
[2015-05-01 11:52:12] EDIT garden/models/db.py: 20
[2015-05-01 12:00:21] EDIT garden/models/db.py: 0
[2015-05-01 12:07:18] EDIT garden/models/db.py: 0
[2015-05-01 12:07:27] EDIT garden/models/db.py: 0
[2015-05-01 12:08:29] EDIT garden/models/db.py: 0
[2015-05-01 12:08:54] EDIT garden/models/db.py: 0
[2015-05-01 12:09:09] EDIT garden/models/db.py: 0
[2015-05-01 12:10:42] EDIT garden/models/db.py: 0
[2015-05-01 12:19:21] EDIT garden/models/db.py: 0
[2015-05-01 12:25:17] EDIT garden/models/db.py: 8
[2015-05-01 12:25:21] EDIT garden/models/db.py: 0
[2015-05-01 12:25:43] EDIT garden/models/db.py: 0
[2015-05-01 13:09:56] EDIT garden/models/db.py: 1
[2015-05-01 13:12:20] EDIT garden/models/db.py: 0
[2015-05-01 13:16:42] EDIT garden/models/db.py: 2
[2015-05-01 13:17:07] EDIT garden/models/db.py: 0
[2015-05-01 13:18:55] EDIT garden/models/db.py: 0
[2015-05-01 13:20:07] EDIT garden/models/db.py: 0
[2015-05-01 13:20:38] EDIT garden/controllers/default.py: 0
[2015-05-01 13:21:56] EDIT garden/views/layout.html: 0
[2015-05-01 13:25:02] EDIT garden/views/layout.html: 0
[2015-05-01 13:26:11] EDIT garden/views/layout.html: 2
[2015-05-01 13:26:25] EDIT garden/views/layout.html: -2
[2015-05-01 13:27:46] EDIT garden/views/layout.html: 1
[2015-05-01 13:27:49] EDIT garden/views/layout.html: 0
[2015-05-01 13:28:12] EDIT garden/views/layout.html: 0
[2015-05-01 13:28:41] EDIT garden/views/layout.html: 0
[2015-05-01 13:30:07] EDIT garden/views/layout.html: -1
[2015-05-01 13:33:09] CREATE reslayout.html: 0
[2015-05-01 13:38:57] EDIT garden/views/reslayout.html: 150
[2015-05-01 13:39:58] CREATE restaurant/db.py: 0
[2015-05-01 13:41:51] EDIT garden/models/db.py: 0
[2015-05-01 13:41:56] EDIT garden/models/restaurant/db.py: 27
[2015-05-01 13:42:10] EDIT garden/models/restaurant/db.py: 0
[2015-05-01 13:42:16] EDIT garden/models/db.py: 0
[2015-05-01 13:43:11] EDIT garden/views/layout.html: 0
[2015-05-01 13:43:24] EDIT garden/views/layout.html: 0
[2015-05-01 13:43:37] EDIT garden/views/layout.html: 0
[2015-05-01 13:43:46] EDIT garden/views/layout.html: 0
[2015-05-01 13:47:57] EDIT garden/views/layout.html: 0
[2015-05-01 13:54:51] EDIT garden/models/restaurant/db.py: -11
[2015-05-01 13:55:23] EDIT garden/models/db.py: 0
[2015-05-01 13:55:47] EDIT garden/models/db.py: 0
[2015-05-01 13:56:48] EDIT garden/models/db.py: 0
[2015-05-01 13:57:07] EDIT garden/models/db.py: 0
[2015-05-01 13:57:40] EDIT garden/models/db.py: 0
[2015-05-01 13:57:53] EDIT garden/models/db.py: 0
[2015-05-01 13:59:20] EDIT garden/models/db.py: 0
[2015-05-01 13:59:52] EDIT garden/models/db.py: 0
[2015-05-01 14:08:29] EDIT garden/models/db.py: 0
[2015-05-01 14:09:07] EDIT garden/models/db.py: 0
[2015-05-01 14:13:33] EDIT garden/models/restaurant/db.py: 0
[2015-05-01 14:13:45] EDIT garden/models/db.py: 0
[2015-05-01 14:14:05] EDIT garden/models/db.py: 0
[2015-05-01 14:14:20] EDIT garden/models/db.py: 0
[2015-05-01 14:15:04] EDIT garden/models/db.py: 0
[2015-05-01 14:15:37] EDIT garden/models/db.py: 0
[2015-05-01 14:31:34] EDIT garden/models/db.py: 1
[2015-05-01 14:32:19] EDIT garden/models/db.py: 1
[2015-05-01 14:35:05] EDIT garden/models/db.py: 0
[2015-05-01 14:39:21] CREATE order/db.py: 0
[2015-05-01 14:40:40] EDIT garden/models/order/db.py: 17
[2015-05-01 14:41:32] EDIT garden/models/restaurant/db.py: 0
[2015-05-01 14:41:37] EDIT garden/models/order/db.py: 0
[2015-05-01 14:41:52] EDIT garden/models/order/db.py: -1
[2015-05-01 14:43:17] EDIT garden/models/db.py: -29
[2015-05-01 14:47:46] EDIT garden/models/order/db.py: 0
[2015-05-01 14:48:19] EDIT garden/models/restaurant/db.py: 1
[2015-05-01 14:48:51] EDIT garden/models/restaurant/db.py: 0
[2015-05-01 14:49:16] CREATE order.py: 0
[2015-05-01 14:49:45] CREATE restaurant.py: 0
[2015-05-01 14:50:53] EDIT garden/controllers/order.py: 2
[2015-05-01 14:51:48] EDIT garden/controllers/order.py: 3
[2015-05-01 14:52:02] EDIT garden/controllers/default.py: -2
[2015-05-01 14:53:56] CREATE order/homepage.html: 0
[2015-05-01 14:54:20] CREATE order/user.html: 0
[2015-05-01 14:54:49] EDIT garden/views/order/user.html: 20
[2015-05-01 14:56:30] EDIT garden/controllers/order.py: 0
[2015-05-01 14:59:02] EDIT garden/views/order/user.html: 2
[2015-05-01 15:00:55] EDIT garden/views/order/homepage.html: 1
[2015-05-01 15:00:58] EDIT garden/views/order/homepage.html: 0
[2015-05-01 15:01:26] EDIT garden/views/order/homepage.html: 0
[2015-05-01 15:01:41] CREATE orderlayout.html: 0
[2015-05-01 15:04:16] EDIT garden/views/order/user.html: 2
[2015-05-01 15:04:54] EDIT garden/views/orderlayout.html: 151
[2015-05-01 15:05:58] EDIT garden/views/order/user.html: -26
[2015-05-01 15:08:24] EDIT garden/controllers/restaurant.py: 1
[2015-05-01 15:08:56] EDIT garden/controllers/order.py: 0
[2015-05-01 15:09:31] EDIT garden/views/order/user.html: 3
[2015-05-01 15:10:18] EDIT garden/controllers/order.py: 1
[2015-05-01 15:11:52] EDIT garden/controllers/order.py: -1
[2015-05-01 15:12:01] EDIT garden/views/order/user.html: 0
[2015-05-01 22:01:56] EDIT garden_1_may/controllers/default.py: 0
[2015-05-01 22:02:11] EDIT garden_1_may/controllers/default.py: 1
[2015-05-01 22:02:35] EDIT garden_1_may/controllers/default.py: 0
[2015-05-01 22:02:46] EDIT garden_1_may/controllers/default.py: 0
[2015-05-01 22:03:01] EDIT garden_1_may/controllers/default.py: 0
[2015-05-01 22:03:51] EDIT garden_1_may/controllers/default.py: 1
[2015-05-01 22:07:18] EDIT garden_1_may/controllers/default.py: -2
[2015-05-01 22:10:00] EDIT garden_1_may/views/order/user.html: -1
[2015-05-01 22:10:47] EDIT garden_1_may/views/order/homepage.html: 1
[2015-05-01 22:11:07] EDIT garden_1_may/controllers/order.py: 0
[2015-05-01 22:11:18] EDIT garden_1_may/controllers/order.py: 0
[2015-05-01 22:11:40] EDIT garden_1_may/controllers/order.py: 1
[2015-05-01 22:12:23] EDIT garden_1_may/controllers/order.py: 0
[2015-05-01 22:12:27] EDIT garden_1_may/controllers/order.py: 0
[2015-05-01 22:29:19] EDIT garden_1_may/models/order/db.py: 0
[2015-05-01 22:29:34] EDIT garden_1_may/models/order/db.py: 0
[2015-05-01 22:30:20] EDIT garden_1_may/models/order/db.py: 0
[2015-05-01 22:30:40] EDIT garden_1_may/models/order/db.py: 0
[2015-05-01 22:32:55] EDIT garden_1_may/models/order/db.py: 0
[2015-05-01 22:33:50] EDIT garden_1_may/models/order/db.py: 0
[2015-05-01 22:39:51] EDIT garden_1_may/models/order/db.py: 0
[2015-05-01 22:40:26] EDIT garden_1_may/controllers/order.py: 0
[2015-05-01 22:41:01] EDIT garden_1_may/views/order/user.html: -2
[2015-05-01 22:41:20] EDIT garden_1_may/views/order/user.html: 0
[2015-05-01 22:41:42] EDIT garden_1_may/views/order/user.html: 1
[2015-05-01 22:43:04] EDIT garden_1_may/models/order/db.py: 0
[2015-05-01 22:43:28] EDIT garden_1_may/models/order/db.py: 0
[2015-05-01 22:55:14] EDIT garden_1_may/models/order/db.py: 7
[2015-05-01 22:55:24] EDIT garden_1_may/models/order/db.py: 0
[2015-05-01 22:55:40] EDIT garden_1_may/models/order/db.py: 0
[2015-05-01 22:56:30] EDIT garden_1_may/models/order/db.py: 0
[2015-05-01 22:56:33] EDIT garden_1_may/models/order/db.py: 0
[2015-05-01 22:57:58] EDIT garden_1_may/models/order/db.py: 1
[2015-05-01 22:58:03] EDIT garden_1_may/models/order/db.py: 0
[2015-05-01 22:58:55] EDIT garden_1_may/models/db.py: 1
[2015-05-01 22:59:00] EDIT garden_1_may/models/order/db.py: -1
[2015-05-01 22:59:26] EDIT garden_1_may/models/db.py: 0
[2015-05-01 22:59:31] EDIT garden_1_may/models/order/db.py: 0
[2015-05-01 23:00:31] EDIT garden_1_may/models/db.py: -1
[2015-05-01 23:01:22] EDIT garden_1_may/models/order/db.py: 1
[2015-05-01 23:01:51] EDIT garden_1_may/models/order/db.py: 0
[2015-05-01 23:02:14] EDIT garden_1_may/models/order/db.py: 0
[2015-05-01 23:02:30] EDIT garden_1_may/models/order/db.py: 0
[2015-05-01 23:02:57] EDIT garden_1_may/models/order/db.py: -1
[2015-05-01 23:03:12] EDIT garden_1_may/models/order/db.py: 0
[2015-05-01 23:03:43] EDIT garden_1_may/models/order/db.py: 0
[2015-05-01 23:03:55] EDIT garden_1_may/models/order/db.py: 0
[2015-05-01 23:13:27] EDIT garden_1_may/models/order/db.py: 0
[2015-05-01 23:13:53] EDIT garden_1_may/models/order/db.py: 0
[2015-05-01 23:14:02] EDIT garden_1_may/models/order/db.py: 0
[2015-05-01 23:15:45] EDIT garden_1_may/models/order/db.py: 0
[2015-05-01 23:16:07] EDIT garden_1_may/models/restaurant/db.py: 0
[2015-05-01 23:16:24] EDIT garden_1_may/models/order/db.py: 0
[2015-05-01 23:17:00] EDIT garden_1_may/models/order/db.py: 1
[2015-05-01 23:17:15] EDIT garden_1_may/models/order/db.py: 0
[2015-05-01 23:38:15] EDIT garden_1_may/models/order/db.py: 2
[2015-05-01 23:38:25] EDIT garden_1_may/models/order/db.py: 0
[2015-05-01 23:38:40] EDIT garden_1_may/models/order/db.py: 0
[2015-05-01 23:40:17] EDIT garden_1_may/models/order/db.py: 0
[2015-05-01 23:40:34] EDIT garden_1_may/models/order/db.py: 0
[2015-05-01 23:42:01] EDIT garden_1_may/models/order/db.py: -1
[2015-05-01 23:45:03] EDIT garden_1_may/models/order/db.py: 0
[2015-05-01 23:45:17] EDIT garden_1_may/models/order/db.py: 1
[2015-05-01 23:46:41] EDIT garden_1_may/models/order/db.py: 0
[2015-05-01 23:47:16] EDIT garden_1_may/models/order/db.py: 0
[2015-05-01 23:49:25] EDIT garden_1_may/models/order/db.py: 0
[2015-05-01 23:50:00] EDIT garden_1_may/models/order/db.py: 0
[2015-05-01 23:50:30] EDIT garden_1_may/models/order/db.py: 0
[2015-05-01 23:52:00] EDIT garden_1_may/models/restaurant/db.py: 0
[2015-05-01 23:52:36] EDIT garden_1_may/models/restaurant/db.py: 0
[2015-05-01 23:54:23] EDIT garden_1_may/models/restaurant/db.py: 0
[2015-05-01 23:55:43] EDIT garden_1_may/models/restaurant/db.py: 0
[2015-05-01 23:55:55] EDIT garden_1_may/models/restaurant/db.py: 0
[2015-05-01 23:56:21] EDIT garden_1_may/models/db.py: 0
[2015-05-01 23:57:21] CREATE restaurant/index.html: 0
[2015-05-01 23:58:00] CREATE restaurant/user.html: 0
[2015-05-01 23:58:25] EDIT garden_1_may/views/restaurant/index.html: 0
[2015-05-01 23:58:29] EDIT garden_1_may/views/restaurant/user.html: 0
[2015-05-01 23:59:54] EDIT garden_1_may/models/restaurant/db.py: 0
[2015-05-02 00:00:07] EDIT garden_1_may/models/restaurant/db.py: 0
[2015-05-02 00:10:27] EDIT garden_1_may/models/restaurant/db.py: 1
[2015-05-02 00:12:20] EDIT garden_1_may/models/restaurant/db.py: 0
[2015-05-02 00:12:35] EDIT garden_1_may/models/restaurant/db.py: 0
[2015-05-02 00:14:47] EDIT garden_1_may/models/restaurant/db.py: -1
[2015-05-02 00:16:07] EDIT garden_1_may/controllers/restaurant.py: 2
[2015-05-02 00:16:19] EDIT garden_1_may/views/restaurant/user.html: 0
[2015-05-02 00:17:01] EDIT garden_1_may/views/restaurant/index.html: 0
[2015-05-02 00:17:20] EDIT garden_1_may/views/restaurant/index.html: 0
[2015-05-02 00:17:46] EDIT garden_1_may/views/reslayout.html: 0
[2015-05-02 00:18:16] EDIT garden_1_may/views/reslayout.html: 0
[2015-05-02 00:18:43] EDIT garden_1_may/views/restaurant/user.html: 0
[2015-05-02 00:18:52] EDIT garden_1_may/views/restaurant/user.html: 0
[2015-05-02 00:19:42] EDIT garden_1_may/views/restaurant/user.html: 0
[2015-05-02 00:19:58] EDIT garden_1_may/views/restaurant/user.html: -1
[2015-05-02 00:20:04] EDIT garden_1_may/views/restaurant/index.html: 0
[2015-05-02 00:22:57] EDIT garden_1_may/models/db.py: 2
[2015-05-02 00:24:00] EDIT garden_1_may/models/db.py: 0
[2015-05-02 00:24:35] EDIT garden_1_may/models/db.py: 0
[2015-05-02 00:27:51] EDIT garden_1_may/models/db.py: 0
[2015-05-02 00:29:00] EDIT garden_1_may/models/db.py: 1
[2015-05-02 00:29:20] EDIT garden_1_may/models/db.py: 0
[2015-05-02 00:29:49] EDIT garden_1_may/models/db.py: 1
[2015-05-02 00:29:56] EDIT garden_1_may/models/db.py: -1
[2015-05-02 00:30:13] EDIT garden_1_may/models/db.py: 0
[2015-05-02 00:34:26] EDIT garden_1_may/models/db.py: 0
[2015-05-02 00:35:08] EDIT garden_1_may/models/db.py: 1
[2015-05-02 00:35:56] EDIT garden_1_may/models/db.py: 0
[2015-05-02 00:36:00] EDIT garden_1_may/models/db.py: 0
[2015-05-02 00:36:01] EDIT garden_1_may/models/db.py: 0
[2015-05-02 00:36:25] EDIT garden_1_may/models/db.py: 1
[2015-05-02 00:36:32] EDIT garden_1_may/models/db.py: -1
[2015-05-02 00:42:35] EDIT garden_1_may/models/db.py: 6
[2015-05-02 00:42:47] EDIT garden_1_may/models/db.py: 0
[2015-05-02 00:42:58] EDIT garden_1_may/models/db.py: 0
[2015-05-02 00:43:52] EDIT garden_1_may/models/db.py: -1
[2015-05-02 00:44:03] EDIT garden_1_may/models/db.py: 0
[2015-05-02 00:44:12] EDIT garden_1_may/models/db.py: 0
[2015-05-02 00:44:34] EDIT garden_1_may/models/db.py: 0
[2015-05-02 00:44:44] EDIT garden_1_may/models/db.py: 0
[2015-05-02 00:45:32] EDIT garden_1_may/models/db.py: 0
[2015-05-02 00:46:00] EDIT garden_1_may/models/db.py: 0
[2015-05-02 00:46:08] EDIT garden_1_may/models/db.py: 0
[2015-05-02 00:48:10] EDIT garden_1_may/models/db.py: 0
[2015-05-02 00:48:36] EDIT garden_1_may/models/restaurant/db.py: 0
[2015-05-02 00:48:46] EDIT garden_1_may/models/restaurant/db.py: 0
[2015-05-02 00:49:02] EDIT garden_1_may/models/restaurant/db.py: 0
[2015-05-02 00:49:12] EDIT garden_1_may/models/restaurant/db.py: 0
[2015-05-02 00:49:42] EDIT garden_1_may/models/restaurant/db.py: 0
[2015-05-02 00:49:58] EDIT garden_1_may/models/db.py: 0
[2015-05-02 10:25:47] EDIT garden_1_may/static/404.html: 1
[2015-05-02 10:26:05] EDIT garden_1_may/static/404.html: 0
[2015-05-02 10:26:25] EDIT garden_1_may/static/404.html: 0
[2015-05-02 10:26:54] EDIT garden_1_may/static/404.html: 0
[2015-05-02 10:43:42] EDIT garden_1_may/controllers/appadmin.py: 0
[2015-05-02 10:44:01] EDIT garden_1_may/controllers/appadmin.py: 0
[2015-05-02 10:47:27] EDIT garden_1_may/controllers/appadmin.py: 0
[2015-05-02 10:47:57] EDIT garden_1_may/models/db.py: 1
[2015-05-02 10:48:15] EDIT garden_1_may/models/db.py: 1
[2015-05-02 10:51:21] EDIT garden_1_may/models/db.py: 0
[2015-05-02 11:02:29] EDIT garden_1_may/models/db.py: -2
[2015-05-02 11:08:40] EDIT garden_1_may/models/restaurant.py: 1
[2015-05-02 11:16:00] EDIT garden_1_may/models/restaurant.py: -1
[2015-05-02 11:16:35] EDIT garden_1_may/models/restaurant.py: 1
[2015-05-02 11:17:09] EDIT garden_1_may/models/restaurant.py: 0
[2015-05-02 11:23:47] EDIT garden_1_may/models/restaurant.py: 0
[2015-05-02 11:36:04] CREATE admin.py: 0
[2015-05-02 11:49:59] CREATE admin.html: 0
[2015-05-02 11:51:18] EDIT garden_1_may/views/admin.html: 5
[2015-05-02 11:51:49] EDIT garden_1_may/views/admin.html: 0
[2015-05-02 11:53:24] EDIT garden_1_may/views/generic.html: 0
[2015-05-02 11:54:20] EDIT garden_1_may/views/generic.html: 0
[2015-05-02 11:54:56] EDIT garden_1_may/views/generic.html: 0
[2015-05-02 11:55:07] EDIT garden_1_may/views/generic.html: 0
[2015-05-02 11:58:17] EDIT garden_1_may/controllers/admin.py: 0
[2015-05-02 11:58:51] EDIT garden_1_may/controllers/admin.py: 0
[2015-05-02 12:10:11] EDIT garden_1_may/controllers/admin.py: 1
[2015-05-02 12:10:33] EDIT garden_1_may/controllers/admin.py: 1
[2015-05-02 12:15:08] EDIT garden_1_may/controllers/admin.py: 11
[2015-05-02 12:16:43] EDIT garden_1_may/controllers/admin.py: -1
[2015-05-02 12:24:15] EDIT garden_1_may/controllers/admin.py: 2
[2015-05-02 12:34:28] EDIT garden_1_may/controllers/admin.py: 0
[2015-05-02 12:38:17] EDIT garden_1_may/controllers/admin.py: 1
[2015-05-02 12:38:32] EDIT garden_1_may/views/admin.html: 0
[2015-05-02 12:39:14] EDIT garden_1_may/controllers/admin.py: 0
[2015-05-02 12:40:12] EDIT garden_1_may/controllers/admin.py: 0
[2015-05-02 12:41:50] EDIT garden_1_may/controllers/admin.py: 0
[2015-05-02 12:53:16] EDIT garden_1_may/controllers/admin.py: 3
[2015-05-02 12:54:47] EDIT garden_1_may/controllers/admin.py: 2
[2015-05-02 12:57:17] EDIT garden_1_may/views/admin.html: 0
[2015-05-02 12:57:35] EDIT garden_1_may/views/admin.html: 0
[2015-05-02 12:57:46] EDIT garden_1_may/views/admin.html: 0
[2015-05-02 12:57:52] EDIT garden_1_may/views/admin.html: 1
[2015-05-02 12:58:50] EDIT garden_1_may/views/admin.html: 2
[2015-05-02 13:39:05] CREATE todo: 0
[2015-05-02 13:40:16] EDIT garden_1_may/views/admin.html: 1
[2015-05-02 13:52:26] EDIT garden_1_may/models/order.py: 0
[2015-05-02 13:53:13] EDIT garden_1_may/models/order.py: 0
[2015-05-02 13:58:54] CREATE order/plate.py: 0
[2015-05-02 13:59:53] EDIT garden_1_may/models/order/plate.py: 2
[2015-05-02 14:00:06] EDIT garden_1_may/controllers/admin.py: 4
[2015-05-02 14:00:11] EDIT garden_1_may/private/todo: 1
[2015-05-02 14:01:51] EDIT garden_1_may/models/db.py: 4
[2015-05-02 14:02:17] EDIT garden_1_may/models/db.py: 0
[2015-05-02 14:16:08] EDIT garden_1_may/models/db.py: 0
[2015-05-02 14:18:06] EDIT garden_1_may/models/db.py: -4
[2015-05-02 14:26:21] EDIT garden_1_may/models/order/plate.py: 7
[2015-05-02 15:07:06] EDIT garden_1_may/models/order/plate.py: 14
[2015-05-02 15:07:12] EDIT garden_1_may/models/order/plate.py: 0
[2015-05-02 15:13:47] EDIT garden_1_may/models/order/plate.py: 5
[2015-05-02 15:13:52] EDIT garden_1_may/models/order/plate.py: 0
[2015-05-02 15:16:00] EDIT garden_1_may/models/order/plate.py: 0
[2015-05-02 15:17:02] EDIT garden_1_may/models/restaurant.py: 1
[2015-05-02 15:18:54] EDIT garden_1_may/models/restaurant.py: 2
[2015-05-02 15:27:57] EDIT garden_1_may/models/restaurant.py: 2
[2015-05-02 15:32:16] EDIT garden_1_may/models/restaurant.py: 0
[2015-05-02 15:33:19] EDIT garden_1_may/models/restaurant.py: 0
[2015-05-02 15:33:29] EDIT garden_1_may/models/restaurant.py: 0
[2015-05-02 15:34:05] EDIT garden_1_may/models/restaurant.py: 0
[2015-05-02 15:34:26] EDIT garden_1_may/models/restaurant.py: 0
[2015-05-02 15:35:31] EDIT garden_1_may/models/restaurant.py: 0
[2015-05-02 15:35:59] EDIT garden_1_may/models/restaurant.py: 0
[2015-05-02 15:54:49] EDIT garden_1_may/models/restaurant.py: 2
[2015-05-02 15:54:59] EDIT garden_1_may/models/restaurant.py: -1
[2015-05-02 15:55:02] EDIT garden_1_may/models/restaurant.py: 0
[2015-05-02 15:55:04] EDIT garden_1_may/models/restaurant.py: 0
[2015-05-02 15:55:06] EDIT garden_1_may/models/restaurant.py: 0
[2015-05-02 15:55:12] EDIT garden_1_may/models/restaurant.py: 0
[2015-05-02 16:01:25] EDIT garden_1_may/models/restaurant.py: 0
[2015-05-02 17:57:30] EDIT garden_1_may/controllers/admin.py: 0
[2015-05-02 17:58:10] EDIT garden_1_may/controllers/admin.py: 0
[2015-05-02 18:00:11] EDIT garden_1_may/controllers/admin.py: 9
[2015-05-02 18:02:38] EDIT garden_1_may/views/admin.html: 4
[2015-05-02 18:03:21] EDIT garden_1_may/views/admin.html: -1
[2015-05-02 18:03:24] EDIT garden_1_may/views/admin.html: -1
[2015-05-02 18:03:41] EDIT garden_1_may/views/admin.html: 1
[2015-05-02 18:04:28] EDIT garden_1_may/views/admin.html: 0
[2015-05-02 18:04:35] EDIT garden_1_may/views/admin.html: 1
[2015-05-02 18:05:10] EDIT garden_1_may/views/admin.html: 2
[2015-05-02 18:05:22] EDIT garden_1_may/views/admin.html: 0
[2015-05-02 18:05:49] EDIT garden_1_may/views/admin.html: 0
[2015-05-02 18:06:26] EDIT garden_1_may/views/admin.html: 0
[2015-05-02 18:07:01] EDIT garden_1_may/views/admin.html: 0
[2015-05-02 18:08:28] EDIT garden_1_may/controllers/admin.py: 2
[2015-05-02 18:08:41] EDIT garden_1_may/controllers/admin.py: 1
[2015-05-02 18:08:54] EDIT garden_1_may/controllers/admin.py: 0
[2015-05-02 18:09:16] EDIT garden_1_may/views/admin.html: 0
[2015-05-02 18:10:01] EDIT garden_1_may/views/admin.html: -2
[2015-05-02 18:10:08] EDIT garden_1_may/views/admin.html: 0
[2015-05-02 18:10:48] EDIT garden_1_may/controllers/admin.py: 1
[2015-05-02 18:11:19] EDIT garden_1_may/controllers/admin.py: -1
[2015-05-02 18:12:08] EDIT garden_1_may/views/admin.html: 1
[2015-05-02 18:12:18] EDIT garden_1_may/views/admin.html: 1
[2015-05-02 18:12:33] EDIT garden_1_may/views/admin.html: 1
[2015-05-02 18:12:50] EDIT garden_1_may/controllers/admin.py: 0
[2015-05-02 18:13:07] EDIT garden_1_may/controllers/admin.py: 0
[2015-05-02 18:13:21] EDIT garden_1_may/views/admin.html: 0
[2015-05-02 18:13:28] EDIT garden_1_may/views/admin.html: 0
[2015-05-02 18:14:26] EDIT garden_1_may/views/admin.html: 0
[2015-05-02 18:20:32] EDIT garden_1_may/views/admin.html: 0
[2015-05-02 18:20:54] EDIT garden_1_may/controllers/admin.py: 1
[2015-05-02 18:20:55] EDIT garden_1_may/controllers/admin.py: 0
[2015-05-02 18:21:32] EDIT garden_1_may/views/admin.html: 2
[2015-05-02 18:22:11] EDIT garden_1_may/controllers/admin.py: 1
[2015-05-02 18:23:38] EDIT garden_1_may/controllers/admin.py: 2
[2015-05-02 18:23:41] EDIT garden_1_may/controllers/admin.py: 0
[2015-05-02 18:23:54] EDIT garden_1_may/controllers/admin.py: 0
[2015-05-02 18:23:57] EDIT garden_1_may/controllers/admin.py: 0
[2015-05-02 18:24:02] EDIT garden_1_may/controllers/admin.py: -2
[2015-05-02 18:24:36] EDIT garden_1_may/views/admin.html: 0
[2015-05-02 18:25:05] EDIT garden_1_may/views/admin.html: 0
[2015-05-02 18:25:22] EDIT garden_1_may/views/admin.html: 0
[2015-05-02 18:25:55] EDIT garden_1_may/views/admin.html: 0
[2015-05-02 18:27:03] EDIT garden_1_may/views/admin.html: 0
[2015-05-02 18:35:41] EDIT garden_1_may/private/todo: 1
[2015-05-02 18:36:03] EDIT garden_1_may/views/admin.html: 1
[2015-05-02 18:36:06] EDIT garden_1_may/controllers/order.py: 0
[2015-05-02 18:41:02] EDIT garden_1_may/controllers/admin.py: 1
[2015-05-02 20:24:37] EDIT garden_1_may/models/restaurant.py: 0
[2015-05-02 20:24:58] EDIT garden_1_may/models/restaurant.py: 0
[2015-05-02 20:30:32] EDIT garden_1_may/models/restaurant.py: 1
[2015-05-02 20:30:39] EDIT garden_1_may/models/restaurant.py: 0
[2015-05-02 20:32:01] EDIT garden_1_may/models/restaurant.py: 0
[2015-05-02 20:33:33] EDIT garden_1_may/models/restaurant.py: 0
[2015-05-02 20:33:47] EDIT garden_1_may/models/restaurant.py: 0
[2015-05-02 20:48:37] EDIT garden_1_may/controllers/restaurant.py: 2
[2015-05-02 20:49:09] EDIT garden_1_may/controllers/restaurant.py: 0
[2015-05-02 20:50:33] CREATE restaurant/add_item.html: 0
[2015-05-02 20:51:24] EDIT garden_1_may/views/restaurant/add_item.html: 5
[2015-05-02 20:51:30] EDIT garden_1_may/views/restaurant/add_item.html: 0
[2015-05-02 20:54:02] EDIT garden_1_may/controllers/restaurant.py: 5
[2015-05-02 20:54:18] EDIT garden_1_may/controllers/restaurant.py: 0
[2015-05-02 20:54:45] EDIT garden_1_may/controllers/restaurant.py: 0
[2015-05-02 20:56:23] EDIT garden_1_may/controllers/restaurant.py: 1
[2015-05-02 20:56:34] EDIT garden_1_may/controllers/restaurant.py: 0
[2015-05-02 20:57:30] EDIT garden_1_may/controllers/restaurant.py: 0
[2015-05-02 20:57:44] EDIT garden_1_may/controllers/restaurant.py: 0
[2015-05-02 20:58:23] EDIT garden_1_may/controllers/restaurant.py: -1
[2015-05-02 20:58:56] EDIT garden_1_may/models/restaurant.py: 0
[2015-05-02 20:59:11] EDIT garden_1_may/models/restaurant.py: 0
[2015-05-02 20:59:19] EDIT garden_1_may/models/restaurant.py: 0
[2015-05-02 20:59:48] EDIT garden_1_may/models/restaurant.py: 0
[2015-05-02 20:59:58] EDIT garden_1_may/models/restaurant.py: 0
[2015-05-02 21:00:34] EDIT garden_1_may/models/restaurant.py: 0
[2015-05-02 21:01:05] EDIT garden_1_may/views/restaurant/add_item.html: 0
[2015-05-02 21:03:26] EDIT garden_1_may/views/restaurant/index.html: 0
[2015-05-02 21:03:45] EDIT garden_1_may/views/restaurant/index.html: 0
[2015-05-02 21:08:09] EDIT garden_1_may/models/restaurant.py: 0
[2015-05-02 21:08:24] EDIT garden_1_may/models/restaurant.py: 0
[2015-05-02 21:08:51] EDIT garden_1_may/controllers/restaurant.py: 1
[2015-05-02 21:18:01] EDIT garden_1_may/models/db.py: 0
[2015-05-02 21:18:07] EDIT garden_1_may/models/db.py: 0
[2015-05-02 21:19:13] EDIT garden_1_may/models/db.py: 0
[2015-05-02 21:26:21] EDIT garden_1_may/controllers/admin.py: 2
[2015-05-02 21:31:36] EDIT garden_1_may/controllers/admin.py: 3
[2015-05-02 21:32:13] EDIT garden_1_may/controllers/admin.py: 0
[2015-05-02 21:32:42] EDIT garden_1_may/controllers/admin.py: 0
[2015-05-02 21:34:13] EDIT garden_1_may/controllers/admin.py: 0
[2015-05-02 21:35:12] EDIT garden_1_may/views/admin.html: 5
[2015-05-02 21:36:07] EDIT garden_1_may/controllers/admin.py: 2
[2015-05-02 21:36:22] EDIT garden_1_may/views/admin.html: 0
[2015-05-02 21:36:25] EDIT garden_1_may/views/admin.html: 0
[2015-05-02 21:36:49] EDIT garden_1_may/controllers/admin.py: 1
[2015-05-02 21:37:26] EDIT garden_1_may/controllers/admin.py: 0
[2015-05-02 21:37:56] EDIT garden_1_may/controllers/admin.py: 0
[2015-05-02 21:39:14] EDIT garden_1_may/controllers/admin.py: 0
[2015-05-02 21:39:57] DELETE garden_1_may/views/restaurant/add_item.html: -8
[2015-05-02 21:40:19] CREATE restaurant/change_menu.html: 0
[2015-05-02 21:40:32] EDIT garden_1_may/views/restaurant/change_menu.html: 5
[2015-05-02 21:40:43] EDIT garden_1_may/controllers/restaurant.py: 0
[2015-05-02 21:45:38] EDIT garden_1_may/controllers/restaurant.py: 0
[2015-05-02 21:45:41] EDIT garden_1_may/controllers/restaurant.py: 0
[2015-05-02 21:49:20] EDIT garden_1_may/controllers/restaurant.py: 0
[2015-05-02 21:56:04] EDIT garden_1_may/views/reslayout.html: -29
[2015-05-02 22:00:36] EDIT garden_1_may/views/orderlayout.html: -29
[2015-05-02 22:14:38] EDIT garden_1_may/views/orderlayout.html: 0
[2015-05-02 22:14:58] EDIT garden_1_may/views/reslayout.html: 0
[2015-05-02 22:15:40] EDIT garden_1_may/views/reslayout.html: 0
[2015-05-02 22:18:19] EDIT garden_1_may/views/reslayout.html: 0
[2015-05-02 22:26:49] EDIT garden_1_may/controllers/restaurant.py: 2
[2015-05-02 22:27:05] EDIT garden_1_may/controllers/restaurant.py: 0
[2015-05-02 22:27:28] EDIT garden_1_may/controllers/restaurant.py: 0
[2015-05-02 22:28:05] EDIT garden_1_may/controllers/restaurant.py: 0
[2015-05-02 22:28:34] EDIT garden_1_may/controllers/restaurant.py: 0
[2015-05-02 22:28:44] EDIT garden_1_may/controllers/restaurant.py: 0
[2015-05-02 22:28:45] EDIT garden_1_may/controllers/restaurant.py: 0
[2015-05-02 22:33:50] EDIT garden_1_may/controllers/restaurant.py: 0
[2015-05-02 22:34:02] EDIT garden_1_may/controllers/restaurant.py: 0
[2015-05-02 22:34:18] EDIT garden_1_may/controllers/restaurant.py: 0
[2015-05-02 22:34:30] EDIT garden_1_may/controllers/restaurant.py: 0
[2015-05-02 22:35:35] EDIT garden_1_may/controllers/restaurant.py: 1
[2015-05-02 22:36:08] EDIT garden_1_may/controllers/restaurant.py: 0
[2015-05-02 22:36:15] EDIT garden_1_may/controllers/restaurant.py: 0
[2015-05-02 22:36:45] EDIT garden_1_may/controllers/restaurant.py: 0
[2015-05-02 22:36:59] EDIT garden_1_may/controllers/restaurant.py: 0
[2015-05-02 22:37:06] EDIT garden_1_may/controllers/restaurant.py: 0
[2015-05-02 22:37:19] EDIT garden_1_may/controllers/restaurant.py: 0
[2015-05-02 22:37:52] EDIT garden_1_may/controllers/restaurant.py: 0
[2015-05-02 22:38:00] EDIT garden_1_may/controllers/restaurant.py: 0
[2015-05-02 22:39:21] EDIT garden_1_may/controllers/order.py: 3
[2015-05-02 22:40:12] EDIT garden_1_may/controllers/order.py: 0
[2015-05-02 22:41:43] EDIT garden_1_may/controllers/order.py: 0
[2015-05-02 22:41:46] EDIT garden_1_may/controllers/restaurant.py: 0
[2015-05-02 22:42:41] EDIT garden_1_may/controllers/restaurant.py: 0
[2015-05-02 22:42:52] EDIT garden_1_may/controllers/order.py: 0
[2015-05-02 22:54:01] EDIT garden_1_may/controllers/order.py: 0
[2015-05-02 22:54:39] EDIT garden_1_may/controllers/restaurant.py: 0
[2015-05-02 22:55:45] EDIT garden_1_may/controllers/restaurant.py: 0
[2015-05-02 22:59:03] EDIT garden_1_may/controllers/restaurant.py: 0
[2015-05-02 22:59:13] EDIT garden_1_may/controllers/restaurant.py: 0
[2015-05-02 22:59:29] EDIT garden_1_may/controllers/order.py: 0
[2015-05-02 23:00:23] EDIT garden_1_may/controllers/order.py: 0
[2015-05-02 23:00:28] EDIT garden_1_may/controllers/restaurant.py: 0
[2015-05-02 23:00:54] EDIT garden_1_may/controllers/order.py: 0
[2015-05-02 23:01:15] EDIT garden_1_may/controllers/restaurant.py: 0
[2015-05-02 23:01:17] EDIT garden_1_may/controllers/order.py: 0
[2015-05-02 23:03:53] EDIT garden_1_may/controllers/order.py: 0
[2015-05-02 23:03:59] EDIT garden_1_may/controllers/order.py: 0
[2015-05-02 23:04:01] EDIT garden_1_may/controllers/order.py: 0
[2015-05-02 23:05:15] EDIT garden_1_may/controllers/restaurant.py: 0
[2015-05-02 23:10:33] EDIT garden_1_may/controllers/restaurant.py: 1
[2015-05-02 23:10:44] EDIT garden_1_may/controllers/restaurant.py: -1
[2015-05-02 23:19:51] EDIT garden_1_may/controllers/order.py: -3
[2015-05-02 23:19:54] EDIT garden_1_may/controllers/restaurant.py: -3
[2015-05-02 23:28:43] EDIT garden_1_may/models/db.py: -10
[2015-05-02 23:30:06] EDIT garden_1_may/controllers/admin.py: 2
[2015-05-02 23:35:04] EDIT garden_1_may/controllers/admin.py: 14
[2015-05-02 23:35:17] EDIT garden_1_may/controllers/admin.py: 0
[2015-05-02 23:36:22] EDIT garden_1_may/controllers/admin.py: 0
[2015-05-02 23:37:47] EDIT garden_1_may/controllers/admin.py: 0
[2015-05-02 23:39:00] EDIT garden_1_may/controllers/admin.py: 0
[2015-05-02 23:39:18] EDIT garden_1_may/controllers/admin.py: 0
[2015-05-02 23:40:33] EDIT garden_1_may/views/admin.html: 4
[2015-05-02 23:43:17] EDIT garden_1_may/controllers/admin.py: 1
[2015-05-02 23:43:43] EDIT garden_1_may/controllers/admin.py: 1
[2015-05-02 23:44:11] EDIT garden_1_may/controllers/admin.py: 0
[2015-05-02 23:44:59] EDIT garden_1_may/controllers/admin.py: 0
[2015-05-02 23:47:13] EDIT garden_1_may/controllers/admin.py: 0
[2015-05-02 23:49:37] EDIT garden_1_may/models/restaurant.py: 0
[2015-05-03 00:03:51] EDIT garden_1_may/controllers/admin.py: -4
[2015-05-03 00:04:58] EDIT garden_1_may/controllers/admin.py: 0
[2015-05-03 00:08:12] EDIT garden_1_may/controllers/admin.py: 0
[2015-05-03 00:10:34] EDIT garden_1_may/controllers/admin.py: 1
[2015-05-03 00:10:58] EDIT garden_1_may/views/admin.html: 0
[2015-05-03 00:12:12] EDIT garden_1_may/controllers/admin.py: 0
[2015-05-03 00:12:23] EDIT garden_1_may/controllers/admin.py: -1
[2015-05-03 00:13:54] EDIT garden_1_may/controllers/admin.py: 0
[2015-05-03 00:14:19] EDIT garden_1_may/controllers/admin.py: 1
[2015-05-03 00:14:31] EDIT garden_1_may/controllers/admin.py: 0
[2015-05-03 00:14:34] EDIT garden_1_may/views/admin.html: 0
[2015-05-03 00:15:46] EDIT garden_1_may/controllers/admin.py: 0
[2015-05-03 00:16:02] EDIT garden_1_may/controllers/admin.py: 0
[2015-05-03 00:16:03] EDIT garden_1_may/controllers/admin.py: 0
[2015-05-03 00:16:14] EDIT garden_1_may/controllers/admin.py: 0
[2015-05-03 00:17:37] EDIT garden_1_may/controllers/admin.py: 0
[2015-05-03 00:17:53] EDIT garden_1_may/controllers/admin.py: 0
[2015-05-03 00:19:06] EDIT garden_1_may/controllers/admin.py: 0
[2015-05-03 00:19:18] EDIT garden_1_may/controllers/admin.py: 0
[2015-05-03 00:20:34] EDIT garden_1_may/controllers/admin.py: 0
[2015-05-03 00:20:54] EDIT garden_1_may/controllers/admin.py: 0
[2015-05-03 00:21:31] EDIT garden_1_may/controllers/admin.py: 0
[2015-05-03 00:26:31] EDIT garden_1_may/controllers/admin.py: 3
[2015-05-03 00:27:20] EDIT garden_1_may/controllers/admin.py: -1
[2015-05-03 00:27:41] EDIT garden_1_may/controllers/admin.py: 0
[2015-05-03 00:27:56] EDIT garden_1_may/controllers/admin.py: 0
[2015-05-03 00:28:46] EDIT garden_1_may/controllers/admin.py: 0
[2015-05-03 00:30:18] EDIT garden_1_may/controllers/admin.py: 0
[2015-05-03 00:53:14] CREATE menu.py: 0
[2015-05-03 00:54:21] EDIT garden_2_may/models/menu.py: 1
[2015-05-03 00:55:19] EDIT garden_2_may/models/menu.py: 0
[2015-05-03 00:55:28] EDIT garden_2_may/models/menu.py: 0
[2015-05-03 00:57:21] EDIT garden_2_may/models/menu.py: 3
[2015-05-03 00:57:27] EDIT garden_2_may/models/menu.py: 0
[2015-05-03 00:58:11] EDIT garden_2_may/models/menu.py: 0
[2015-05-03 00:58:23] EDIT garden_2_may/models/menu.py: 0
[2015-05-03 00:58:48] EDIT garden_2_may/models/menu.py: -2
[2015-05-03 01:15:07] EDIT garden_2_may/models/restaurant.py: 5
[2015-05-03 01:15:26] EDIT garden_2_may/models/restaurant.py: 1
[2015-05-03 01:16:16] EDIT garden_2_may/models/restaurant.py: 0
[2015-05-03 01:21:38] EDIT garden_2_may/controllers/order.py: 2
[2015-05-03 01:21:54] EDIT garden_2_may/controllers/order.py: 1
[2015-05-03 01:22:08] EDIT garden_2_may/controllers/order.py: 0
[2015-05-03 01:22:10] EDIT garden_2_may/controllers/order.py: 0
[2015-05-03 01:22:53] EDIT garden_2_may/controllers/order.py: 1
[2015-05-03 01:24:45] EDIT garden_2_may/controllers/order.py: -1
[2015-05-03 01:25:55] EDIT garden_2_may/controllers/order.py: 0
[2015-05-03 01:27:01] EDIT garden_2_may/controllers/order.py: 0
[2015-05-03 01:42:26] EDIT garden_2_may/views/orderlayout.html: 1
[2015-05-03 01:42:36] EDIT garden_2_may/views/orderlayout.html: 0
[2015-05-03 01:42:45] EDIT garden_2_may/views/orderlayout.html: 0
[2015-05-03 01:43:00] EDIT garden_2_may/views/orderlayout.html: 0
[2015-05-03 01:43:12] EDIT garden_2_may/views/orderlayout.html: 0
[2015-05-03 01:43:46] EDIT garden_2_may/views/orderlayout.html: 0
[2015-05-03 01:44:00] EDIT garden_2_may/views/orderlayout.html: 0
[2015-05-03 01:44:13] EDIT garden_2_may/views/orderlayout.html: 0
[2015-05-03 01:44:28] EDIT garden_2_may/views/orderlayout.html: 0
[2015-05-03 01:44:36] EDIT garden_2_may/views/orderlayout.html: 0
[2015-05-03 01:44:58] EDIT garden_2_may/views/orderlayout.html: 0
[2015-05-03 01:45:04] EDIT garden_2_may/views/orderlayout.html: 0
[2015-05-03 01:45:10] EDIT garden_2_may/views/orderlayout.html: 0
[2015-05-03 01:45:24] EDIT garden_2_may/views/orderlayout.html: 0
[2015-05-03 01:47:53] EDIT garden_2_may/views/orderlayout.html: -1
[2015-05-03 01:48:08] EDIT garden_2_may/views/orderlayout.html: 0
[2015-05-03 01:48:17] EDIT garden_2_may/views/orderlayout.html: 0
[2015-05-03 01:48:20] EDIT garden_2_may/views/orderlayout.html: 0
[2015-05-03 01:49:00] EDIT garden_2_may/views/orderlayout.html: 0
[2015-05-03 01:49:15] EDIT garden_2_may/views/orderlayout.html: 0
[2015-05-03 01:49:36] EDIT garden_2_may/views/orderlayout.html: 0
[2015-05-03 01:50:20] EDIT garden_2_may/views/orderlayout.html: 0
[2015-05-03 01:50:38] EDIT garden_2_may/views/orderlayout.html: 0
[2015-05-03 01:50:59] EDIT garden_2_may/views/orderlayout.html: 0
[2015-05-03 01:51:16] EDIT garden_2_may/views/orderlayout.html: 0
[2015-05-03 01:51:46] EDIT garden_2_may/views/orderlayout.html: 1
[2015-05-03 01:51:55] EDIT garden_2_may/views/orderlayout.html: 0
[2015-05-03 01:52:12] EDIT garden_2_may/views/orderlayout.html: 0
[2015-05-03 01:52:31] EDIT garden_2_may/views/orderlayout.html: 0
[2015-05-03 01:53:06] EDIT garden_2_may/views/orderlayout.html: -1
[2015-05-03 01:56:37] EDIT garden_2_may/controllers/order.py: 0
[2015-05-03 01:58:46] EDIT garden_2_may/controllers/order.py: 1
[2015-05-03 01:59:10] EDIT garden_2_may/controllers/order.py: -1
[2015-05-03 02:01:05] EDIT garden_2_may/controllers/default.py: 0
[2015-05-03 02:01:58] EDIT garden_2_may/models/menu.py: 0
[2015-05-03 02:03:49] EDIT garden_2_may/controllers/restaurant.py: 1
[2015-05-03 02:04:24] EDIT garden_2_may/controllers/restaurant.py: 0
[2015-05-03 02:04:39] EDIT garden_2_may/controllers/restaurant.py: 0
[2015-05-03 02:04:48] EDIT garden_2_may/controllers/restaurant.py: 0
[2015-05-03 02:06:31] EDIT garden_2_may/models/menu.py: 0
[2015-05-03 02:06:44] EDIT garden_2_may/models/menu.py: 0
[2015-05-03 02:06:52] EDIT garden_2_may/models/menu.py: 0
[2015-05-03 02:07:19] EDIT garden_2_may/models/menu.py: 1
[2015-05-03 02:07:32] EDIT garden_2_may/models/menu.py: 0
[2015-05-03 02:07:44] EDIT garden_2_may/models/menu.py: -1
[2015-05-03 02:08:16] EDIT garden_2_may/controllers/restaurant.py: 1
[2015-05-03 02:42:46] EDIT garden_2_may/models/restaurant.py: 0
[2015-05-03 02:42:59] EDIT garden_2_may/models/restaurant.py: 0
[2015-05-03 02:47:28] EDIT garden_2_may/controllers/restaurant.py: 0
[2015-05-03 02:47:35] EDIT garden_2_may/controllers/restaurant.py: 0
[2015-05-03 02:47:56] EDIT garden_2_may/controllers/restaurant.py: 0
[2015-05-03 02:49:38] EDIT garden_2_may/controllers/restaurant.py: 0
[2015-05-03 02:49:40] EDIT garden_2_may/controllers/restaurant.py: 0
[2015-05-03 02:50:00] EDIT garden_2_may/controllers/restaurant.py: 0
[2015-05-03 02:50:22] EDIT garden_2_may/controllers/restaurant.py: 0
[2015-05-03 02:50:34] EDIT garden_2_may/controllers/restaurant.py: 0
[2015-05-03 02:53:37] EDIT garden_2_may/controllers/restaurant.py: 0
[2015-05-03 02:57:46] EDIT garden_2_may/controllers/restaurant.py: 0
[2015-05-03 02:58:39] EDIT garden_2_may/controllers/restaurant.py: 0
[2015-05-03 02:59:17] CREATE restaurant/manage_menu.html: 0
[2015-05-03 02:59:23] EDIT garden_2_may/views/restaurant/manage_menu.html: 0
[2015-05-03 02:59:54] EDIT garden_2_may/views/restaurant/manage_menu.html: -1
[2015-05-03 03:00:35] EDIT garden_2_may/views/restaurant/manage_menu.html: 1
[2015-05-03 03:01:11] EDIT garden_2_may/views/restaurant/manage_menu.html: -1
[2015-05-03 03:01:26] EDIT garden_2_may/controllers/restaurant.py: 1
[2015-05-03 03:03:05] EDIT garden_2_may/views/restaurant/manage_menu.html: 0
[2015-05-03 03:03:06] EDIT garden_2_may/controllers/restaurant.py: 0
[2015-05-03 03:03:26] EDIT garden_2_may/views/restaurant/manage_menu.html: 3
[2015-05-03 03:04:27] EDIT garden_2_may/views/restaurant/manage_menu.html: 2
[2015-05-03 03:15:23] EDIT garden_2_may/models/restaurant.py: 4
[2015-05-03 03:15:40] EDIT garden_2_may/models/restaurant.py: 0
[2015-05-03 03:16:00] EDIT garden_2_may/models/db.py: 0
[2015-05-03 03:17:27] EDIT garden_2_may/models/restaurant.py: 0
[2015-05-03 03:17:28] EDIT garden_2_may/models/restaurant.py: 0
[2015-05-03 03:33:41] EDIT garden_2_may/models/restaurant.py: 0
[2015-05-03 03:39:39] EDIT garden_2_may/models/restaurant.py: 1
[2015-05-03 03:40:09] EDIT garden_2_may/controllers/restaurant.py: 6
[2015-05-03 03:41:12] DELETE garden_2_may/views/restaurant/change_menu.html: -8
[2015-05-03 03:41:40] CREATE restaurant/manage_orders.html: 0
[2015-05-03 03:44:23] EDIT garden_2_may/controllers/restaurant.py: 0
[2015-05-03 03:44:31] EDIT garden_2_may/views/restaurant/manage_orders.html: 0
[2015-05-03 03:44:33] EDIT garden_2_may/views/restaurant/manage_orders.html: 0
[2015-05-03 03:45:18] EDIT garden_2_may/models/restaurant.py: 0
[2015-05-03 03:46:18] EDIT garden_2_may/models/restaurant.py: 0
[2015-05-03 03:46:56] EDIT garden_2_may/controllers/restaurant.py: 0
[2015-05-03 03:47:02] EDIT garden_2_may/controllers/restaurant.py: 0
[2015-05-03 03:47:17] EDIT garden_2_may/controllers/restaurant.py: 0
[2015-05-03 03:47:57] EDIT garden_2_may/controllers/restaurant.py: 0
[2015-05-03 03:50:25] EDIT garden_2_may/controllers/order.py: 0
[2015-05-03 03:52:24] EDIT garden_2_may/controllers/restaurant.py: 3
[2015-05-03 03:52:43] EDIT garden_2_may/controllers/restaurant.py: 0
[2015-05-03 03:53:07] EDIT garden_2_may/controllers/restaurant.py: 0
[2015-05-03 03:53:24] EDIT garden_2_may/controllers/order.py: 0
[2015-05-03 03:53:45] EDIT garden_2_may/controllers/order.py: 0
[2015-05-03 03:53:51] EDIT garden_2_may/controllers/restaurant.py: 0
[2015-05-03 03:54:07] EDIT garden_2_may/controllers/order.py: 0
[2015-05-03 03:54:32] EDIT garden_2_may/controllers/restaurant.py: 0
[2015-05-03 03:54:34] EDIT garden_2_may/controllers/order.py: 0
[2015-05-03 03:55:17] EDIT garden_2_may/controllers/restaurant.py: 0
[2015-05-03 03:55:43] EDIT garden_2_may/controllers/restaurant.py: 0
[2015-05-03 03:56:26] EDIT garden_2_may/controllers/restaurant.py: 0
[2015-05-03 03:56:29] EDIT garden_2_may/controllers/restaurant.py: 0
[2015-05-03 03:56:41] EDIT garden_2_may/controllers/restaurant.py: 0
[2015-05-03 03:56:49] EDIT garden_2_may/controllers/restaurant.py: 0
[2015-05-03 03:57:39] EDIT garden_2_may/controllers/restaurant.py: -3
[2015-05-03 03:57:48] EDIT garden_2_may/controllers/order.py: -3
[2015-05-03 03:59:53] EDIT garden_2_may/models/restaurant.py: 0
[2015-05-03 09:47:10] EDIT garden_2_may/models/restaurant.py: 1
[2015-05-03 09:47:14] EDIT garden_2_may/models/restaurant.py: 0
[2015-05-03 09:48:15] EDIT garden_2_may/models/restaurant.py: 1
[2015-05-03 09:48:19] EDIT garden_2_may/models/restaurant.py: 0
[2015-05-03 09:50:55] EDIT garden_2_may/models/db.py: 1
[2015-05-03 09:54:55] EDIT garden_2_may/models/db.py: 3
[2015-05-03 09:55:43] EDIT garden_2_may/models/restaurant.py: 0
[2015-05-03 09:56:00] EDIT garden_2_may/models/db.py: 1
[2015-05-03 10:14:51] EDIT garden_2_may/models/restaurant.py: 1
[2015-05-03 10:14:56] EDIT garden_2_may/models/restaurant.py: 0
[2015-05-03 10:16:27] EDIT garden_2_may/models/restaurant.py: 0
[2015-05-03 10:18:18] EDIT garden_2_may/models/restaurant.py: 0
[2015-05-03 10:18:23] EDIT garden_2_may/models/restaurant.py: 0
[2015-05-03 10:19:25] EDIT garden_2_may/models/restaurant.py: 0
[2015-05-03 10:19:41] EDIT garden_2_may/models/restaurant.py: 0
[2015-05-03 10:20:01] EDIT garden_2_may/models/restaurant.py: 0
[2015-05-03 10:21:11] EDIT garden_2_may/models/restaurant.py: 0
[2015-05-03 10:23:09] EDIT garden_2_may/models/restaurant.py: 0
[2015-05-03 10:24:14] EDIT garden_2_may/models/restaurant.py: 0
[2015-05-03 10:26:49] EDIT garden_2_may/models/restaurant.py: 0
[2015-05-03 10:28:27] EDIT garden_2_may/models/restaurant.py: 0
[2015-05-03 10:29:29] EDIT garden_2_may/models/restaurant.py: -1
[2015-05-03 10:33:14] EDIT garden_2_may/controllers/restaurant.py: 8
[2015-05-03 10:33:21] EDIT garden_2_may/controllers/restaurant.py: 0
[2015-05-03 10:33:58] EDIT garden_2_may/controllers/restaurant.py: 0
[2015-05-03 10:34:08] EDIT garden_2_may/controllers/restaurant.py: 0
[2015-05-03 10:34:18] EDIT garden_2_may/controllers/restaurant.py: 0
[2015-05-03 10:36:03] EDIT garden_2_may/controllers/restaurant.py: 0
[2015-05-03 10:36:17] EDIT garden_2_may/controllers/restaurant.py: 0
[2015-05-03 10:37:39] EDIT garden_2_may/controllers/restaurant.py: 0
[2015-05-03 10:38:07] EDIT garden_2_may/controllers/restaurant.py: 0
[2015-05-03 10:38:27] EDIT garden_2_may/controllers/restaurant.py: 0
[2015-05-03 10:47:03] EDIT garden_2_may/controllers/restaurant.py: 0
[2015-05-03 10:47:22] EDIT garden_2_may/controllers/restaurant.py: 0
[2015-05-03 10:52:28] EDIT garden_2_may/controllers/restaurant.py: 0
[2015-05-03 10:52:44] EDIT garden_2_may/controllers/restaurant.py: 0
[2015-05-03 10:53:24] EDIT garden_2_may/controllers/restaurant.py: 0
[2015-05-03 10:53:45] EDIT garden_2_may/controllers/restaurant.py: 0
[2015-05-03 10:55:26] EDIT garden_2_may/controllers/restaurant.py: -8
[2015-05-03 10:55:42] EDIT garden_2_may/models/restaurant.py: 0
[2015-05-03 10:55:56] EDIT garden_2_may/models/restaurant.py: 0
[2015-05-03 10:56:47] EDIT garden_2_may/models/restaurant.py: 0
[2015-05-03 10:56:50] EDIT garden_2_may/models/restaurant.py: 0
[2015-05-03 10:56:54] EDIT garden_2_may/models/restaurant.py: 0
[2015-05-03 10:57:31] EDIT garden_2_may/models/db.py: -4
[2015-05-03 10:57:34] EDIT garden_2_may/models/db.py: 0
[2015-05-03 10:58:32] EDIT garden_2_may/models/restaurant.py: 0
[2015-05-03 10:59:11] EDIT garden_2_may/controllers/restaurant.py: 0
[2015-05-03 10:59:33] EDIT garden_2_may/controllers/restaurant.py: 0
[2015-05-03 11:06:52] EDIT garden_2_may/controllers/restaurant.py: 7
[2015-05-03 11:07:54] EDIT garden_2_may/controllers/restaurant.py: 4
[2015-05-03 11:08:06] EDIT garden_2_may/controllers/restaurant.py: 0
[2015-05-03 11:08:41] EDIT garden_2_may/views/restaurant/manage_menu.html: 1
[2015-05-03 11:08:50] EDIT garden_2_may/views/restaurant/manage_menu.html: 1
[2015-05-03 11:10:18] EDIT garden_2_may/controllers/restaurant.py: 3
[2015-05-03 11:10:22] EDIT garden_2_may/controllers/restaurant.py: 0
[2015-05-03 11:10:32] EDIT garden_2_may/controllers/restaurant.py: 0
[2015-05-03 11:10:33] EDIT garden_2_may/controllers/restaurant.py: 0
[2015-05-03 11:10:57] EDIT garden_2_may/controllers/restaurant.py: 0
[2015-05-03 11:10:58] EDIT garden_2_may/controllers/restaurant.py: 0
[2015-05-03 11:11:03] EDIT garden_2_may/controllers/restaurant.py: 0
[2015-05-03 11:11:04] EDIT garden_2_may/controllers/restaurant.py: 0
[2015-05-03 11:11:04] EDIT garden_2_may/controllers/restaurant.py: 0
[2015-05-03 11:28:57] EDIT garden_2_may/controllers/restaurant.py: 8
[2015-05-03 11:30:45] EDIT garden_2_may/controllers/restaurant.py: 1
[2015-05-03 11:32:48] EDIT garden_2_may/controllers/restaurant.py: 1
[2015-05-03 11:33:47] EDIT garden_2_may/controllers/restaurant.py: 0
[2015-05-03 11:34:11] EDIT garden_2_may/controllers/restaurant.py: 0
[2015-05-03 11:38:19] EDIT garden_2_may/controllers/restaurant.py: 4
[2015-05-03 11:38:47] CREATE restaurant/view_menu.html: 0
[2015-05-03 11:39:16] EDIT garden_2_may/views/restaurant/view_menu.html: -1
[2015-05-03 11:39:38] EDIT garden_2_may/controllers/restaurant.py: 0
[2015-05-03 11:39:56] EDIT garden_2_may/models/restaurant.py: 0
[2015-05-03 11:40:42] EDIT garden_2_may/controllers/restaurant.py: 2
[2015-05-03 11:41:47] EDIT garden_2_may/views/restaurant/view_menu.html: 3
[2015-05-03 11:42:06] EDIT garden_2_may/views/restaurant/view_menu.html: 1
[2015-05-03 11:42:19] EDIT garden_2_may/views/restaurant/view_menu.html: 0
[2015-05-03 11:42:40] EDIT garden_2_may/views/restaurant/view_menu.html: 0
[2015-05-03 11:42:49] EDIT garden_2_may/views/restaurant/view_menu.html: 0
[2015-05-03 11:44:40] EDIT garden_2_may/private/todo: 1
[2015-05-03 11:44:48] EDIT garden_2_may/private/todo: 0
[2015-05-03 11:48:02] EDIT garden_2_may/controllers/restaurant.py: 1
[2015-05-03 11:49:12] EDIT garden_2_may/controllers/restaurant.py: 1
[2015-05-03 11:53:52] EDIT garden_2_may/controllers/restaurant.py: 7
[2015-05-03 11:53:58] EDIT garden_2_may/controllers/restaurant.py: 0
[2015-05-03 11:54:31] EDIT garden_2_may/views/restaurant/manage_menu.html: 4
[2015-05-03 11:55:38] EDIT garden_2_may/controllers/restaurant.py: 0
[2015-05-03 11:58:40] EDIT garden_2_may/controllers/restaurant.py: 0
[2015-05-03 11:58:47] EDIT garden_2_may/controllers/restaurant.py: 0
[2015-05-03 12:03:46] EDIT garden_2_may/controllers/restaurant.py: 0
[2015-05-03 12:06:52] EDIT garden_2_may/models/restaurant.py: 0
[2015-05-03 12:07:04] EDIT garden_2_may/models/restaurant.py: 0
[2015-05-03 12:08:00] EDIT garden_2_may/models/restaurant.py: 0
[2015-05-03 12:08:20] EDIT garden_2_may/models/restaurant.py: 0
[2015-05-03 12:08:36] EDIT garden_2_may/models/restaurant.py: 0
[2015-05-03 12:09:25] EDIT garden_2_may/models/restaurant.py: 0
[2015-05-03 12:11:27] EDIT garden_2_may/models/restaurant.py: 0
[2015-05-03 12:12:26] EDIT garden_2_may/models/restaurant.py: 0
[2015-05-03 12:12:37] EDIT garden_2_may/models/restaurant.py: 0
[2015-05-03 12:12:49] EDIT garden_2_may/models/restaurant.py: 0
[2015-05-03 12:13:20] EDIT garden_2_may/models/restaurant.py: 0
[2015-05-03 12:13:41] EDIT garden_2_may/models/restaurant.py: 0
[2015-05-03 12:13:53] EDIT garden_2_may/models/restaurant.py: 0
[2015-05-03 12:16:11] EDIT garden_2_may/controllers/admin.py: 0
[2015-05-03 12:16:48] EDIT garden_2_may/controllers/admin.py: 0
[2015-05-03 12:17:29] EDIT garden_2_may/controllers/admin.py: -1
[2015-05-03 12:19:02] EDIT garden_2_may/controllers/admin.py: 0
[2015-05-03 12:19:13] EDIT garden_2_may/controllers/admin.py: 0
[2015-05-03 12:21:20] EDIT garden_2_may/controllers/admin.py: 1
[2015-05-03 12:21:52] EDIT garden_2_may/controllers/admin.py: 0
[2015-05-03 12:24:10] EDIT garden_2_may/controllers/restaurant.py: -2
[2015-05-03 12:26:01] EDIT garden_2_may/controllers/restaurant.py: -2
[2015-05-03 12:26:50] EDIT garden_2_may/controllers/restaurant.py: 1
[2015-05-03 12:27:24] EDIT garden_2_may/controllers/restaurant.py: 0
[2015-05-03 12:27:59] EDIT garden_2_may/controllers/restaurant.py: 0
[2015-05-03 12:31:58] EDIT garden_2_may/views/orderlayout.html: 0
[2015-05-03 12:32:29] EDIT garden_2_may/views/orderlayout.html: 0
[2015-05-03 12:33:31] EDIT garden_2_may/views/orderlayout.html: 0
[2015-05-03 12:42:06] EDIT garden_2_may/views/order/homepage.html: 1
[2015-05-03 12:42:18] EDIT garden_2_may/views/order/homepage.html: 0
[2015-05-03 12:43:00] EDIT garden_2_may/controllers/order.py: 2
[2015-05-03 12:43:09] EDIT garden_2_may/views/order/homepage.html: 0
[2015-05-03 12:43:19] EDIT garden_2_may/views/order/homepage.html: 0
[2015-05-03 12:45:08] EDIT garden_2_may/controllers/order.py: 1
[2015-05-03 12:45:58] EDIT garden_2_may/controllers/order.py: 2
[2015-05-03 12:46:12] EDIT garden_2_may/controllers/order.py: 0
[2015-05-03 12:46:13] EDIT garden_2_may/controllers/order.py: 0
[2015-05-03 12:46:32] EDIT garden_2_may/controllers/order.py: 2
[2015-05-03 12:46:42] EDIT garden_2_may/views/order/homepage.html: -1
[2015-05-03 12:47:42] EDIT garden_2_may/controllers/restaurant.py: 7
[2015-05-03 12:49:41] EDIT garden_2_may/controllers/restaurant.py: 0
[2015-05-03 12:50:17] EDIT garden_2_may/controllers/restaurant.py: 0
[2015-05-03 12:50:41] EDIT garden_2_may/controllers/restaurant.py: 0
[2015-05-03 12:51:21] EDIT garden_2_may/controllers/restaurant.py: 0
[2015-05-03 12:51:54] EDIT garden_2_may/controllers/restaurant.py: 0
[2015-05-03 12:52:26] EDIT garden_2_may/controllers/restaurant.py: 0
[2015-05-03 12:52:47] EDIT garden_2_may/controllers/restaurant.py: 0
[2015-05-03 12:53:24] EDIT garden_2_may/controllers/order.py: 0
[2015-05-03 12:53:35] EDIT garden_2_may/controllers/order.py: 0
[2015-05-03 12:53:45] EDIT garden_2_may/controllers/order.py: 0
[2015-05-03 12:53:50] EDIT garden_2_may/controllers/order.py: 0
[2015-05-03 12:57:18] EDIT garden_2_may/views/layout.html: -30
[2015-05-03 12:58:02] EDIT garden_2_may/views/layout.html: 0
[2015-05-03 12:58:11] EDIT garden_2_may/views/layout.html: 0
[2015-05-03 12:58:14] EDIT garden_2_may/views/layout.html: 0
[2015-05-03 12:58:32] EDIT garden_2_may/views/layout.html: 0
[2015-05-03 12:58:44] EDIT garden_2_may/views/layout.html: 0
[2015-05-03 12:59:17] EDIT garden_2_may/views/layout.html: 0
[2015-05-03 13:18:20] EDIT garden_2_may/controllers/order.py: 1
[2015-05-03 13:18:49] EDIT garden_2_may/controllers/order.py: 2
[2015-05-03 13:19:47] EDIT garden_2_may/controllers/order.py: 0
[2015-05-03 13:19:59] EDIT garden_2_may/views/order/homepage.html: 0
[2015-05-03 13:20:23] EDIT garden_2_may/controllers/order.py: 0
[2015-05-03 13:22:19] EDIT garden_2_may/controllers/order.py: -2
[2015-05-03 13:22:25] EDIT garden_2_may/controllers/order.py: 0
[2015-05-03 13:22:39] EDIT garden_2_may/controllers/order.py: 0
[2015-05-03 13:26:17] EDIT garden_2_may/controllers/order.py: 0
[2015-05-03 13:26:22] EDIT garden_2_may/controllers/order.py: 0
[2015-05-03 13:26:40] EDIT garden_2_may/controllers/order.py: 0
[2015-05-03 13:27:44] EDIT garden_2_may/controllers/order.py: 0
[2015-05-03 13:27:59] EDIT garden_2_may/controllers/order.py: 0
[2015-05-03 13:28:11] EDIT garden_2_may/controllers/order.py: 0
[2015-05-03 13:28:19] EDIT garden_2_may/controllers/order.py: 0
[2015-05-03 13:28:52] EDIT garden_2_may/controllers/order.py: 0
[2015-05-03 13:29:03] EDIT garden_2_may/controllers/order.py: 0
[2015-05-03 13:29:11] EDIT garden_2_may/controllers/order.py: 0
[2015-05-03 13:29:25] EDIT garden_2_may/controllers/order.py: 0
[2015-05-03 13:30:44] EDIT garden_2_may/controllers/order.py: 4
[2015-05-03 13:31:02] EDIT garden_2_may/controllers/order.py: 0
[2015-05-03 14:04:09] EDIT garden_2_may/controllers/order.py: 0
[2015-05-03 14:07:08] EDIT garden_2_may/controllers/order.py: 3
[2015-05-03 14:09:01] EDIT garden_2_may/controllers/order.py: 1
[2015-05-03 14:09:15] CREATE order/searchfood.html: 0
[2015-05-03 14:09:24] EDIT garden_2_may/views/order/searchfood.html: -2
[2015-05-03 14:09:56] EDIT garden_2_may/controllers/order.py: 0
[2015-05-03 14:11:52] EDIT garden_2_may/controllers/order.py: 1
[2015-05-03 14:12:25] EDIT garden_2_may/controllers/order.py: 0
[2015-05-03 14:12:47] EDIT garden_2_may/controllers/order.py: 1
[2015-05-03 14:13:20] EDIT garden_2_may/controllers/order.py: 0
[2015-05-03 14:13:59] EDIT garden_2_may/controllers/order.py: 0
[2015-05-03 14:14:37] EDIT garden_2_may/controllers/order.py: -2
[2015-05-03 14:19:22] EDIT garden_2_may/controllers/order.py: 0
[2015-05-03 14:20:20] EDIT garden_2_may/controllers/order.py: 1
[2015-05-03 14:20:29] EDIT garden_2_may/controllers/order.py: -1
[2015-05-03 14:20:40] EDIT garden_2_may/controllers/order.py: 0
[2015-05-03 14:21:16] EDIT garden_2_may/controllers/order.py: 0
[2015-05-03 14:21:28] EDIT garden_2_may/controllers/order.py: 0
[2015-05-03 14:21:45] EDIT garden_2_may/controllers/order.py: 0
[2015-05-03 14:22:29] EDIT garden_2_may/controllers/order.py: 2
[2015-05-03 14:24:27] EDIT garden_2_may/controllers/order.py: 3
[2015-05-03 14:25:09] EDIT garden_2_may/controllers/order.py: 1
[2015-05-03 14:25:36] EDIT garden_2_may/controllers/order.py: 0
[2015-05-03 14:25:54] EDIT garden_2_may/controllers/order.py: 0
[2015-05-03 14:26:52] EDIT garden_2_may/controllers/order.py: 0
[2015-05-03 14:28:32] EDIT garden_2_may/views/order/searchfood.html: 8
[2015-05-03 14:28:36] EDIT garden_2_may/views/order/searchfood.html: 0
[2015-05-03 14:28:53] EDIT garden_2_may/controllers/order.py: 0
[2015-05-03 14:29:28] EDIT garden_2_may/views/order/searchfood.html: 0
[2015-05-03 14:29:51] EDIT garden_2_may/views/order/searchfood.html: 0
[2015-05-03 14:30:18] EDIT garden_2_may/views/order/searchfood.html: 0
[2015-05-03 14:30:35] EDIT garden_2_may/views/order/searchfood.html: 0
[2015-05-03 14:30:50] EDIT garden_2_may/views/order/searchfood.html: 0
[2015-05-03 14:31:00] EDIT garden_2_may/views/order/searchfood.html: 0
[2015-05-03 14:31:20] EDIT garden_2_may/views/order/searchfood.html: 0
[2015-05-03 14:31:28] EDIT garden_2_may/views/order/searchfood.html: 0
[2015-05-03 14:31:45] EDIT garden_2_may/views/order/searchfood.html: 0
[2015-05-03 14:32:01] EDIT garden_2_may/views/order/searchfood.html: 0
[2015-05-03 14:32:32] EDIT garden_2_may/views/order/searchfood.html: 0
[2015-05-03 14:32:58] EDIT garden_2_may/views/order/searchfood.html: 0
[2015-05-03 14:33:24] EDIT garden_2_may/views/order/searchfood.html: 0
[2015-05-03 14:34:04] EDIT garden_2_may/views/order/searchfood.html: 0
[2015-05-03 14:34:23] EDIT garden_2_may/views/order/searchfood.html: 0
[2015-05-03 14:34:59] EDIT garden_2_may/views/order/searchfood.html: 0
[2015-05-03 14:35:09] EDIT garden_2_may/views/order/searchfood.html: 0
[2015-05-03 14:35:12] EDIT garden_2_may/views/order/searchfood.html: 0
[2015-05-03 14:37:15] EDIT garden_2_may/models/restaurant.py: 1
[2015-05-03 14:37:19] EDIT garden_2_may/models/restaurant.py: 0
[2015-05-03 14:43:54] EDIT garden_2_may/views/reslayout.html: 0
[2015-05-03 14:44:30] EDIT garden_2_may/views/reslayout.html: 0
[2015-05-03 14:45:04] EDIT garden_2_may/views/reslayout.html: 0
[2015-05-03 14:45:12] EDIT garden_2_may/views/reslayout.html: 0
[2015-05-03 14:45:22] EDIT garden_2_may/views/reslayout.html: 0
[2015-05-03 14:45:37] EDIT garden_2_may/views/reslayout.html: 0
[2015-05-03 14:45:45] EDIT garden_2_may/views/reslayout.html: 0
[2015-05-03 14:46:04] EDIT garden_2_may/views/reslayout.html: 0
[2015-05-03 14:46:13] EDIT garden_2_may/views/reslayout.html: 0
[2015-05-03 14:46:38] EDIT garden_2_may/views/reslayout.html: 0
[2015-05-03 14:47:01] EDIT garden_2_may/views/reslayout.html: 0
[2015-05-03 14:47:07] EDIT garden_2_may/views/reslayout.html: 0
[2015-05-03 14:47:15] EDIT garden_2_may/views/reslayout.html: 0
[2015-05-03 14:47:31] EDIT garden_2_may/views/reslayout.html: 0
[2015-05-03 14:47:41] EDIT garden_2_may/views/reslayout.html: 0
[2015-05-03 14:47:50] EDIT garden_2_may/views/reslayout.html: 0
[2015-05-03 14:48:13] EDIT garden_2_may/views/reslayout.html: 0
[2015-05-03 14:48:15] EDIT garden_2_may/views/reslayout.html: 0
[2015-05-03 14:50:24] EDIT garden_2_may/views/reslayout.html: 0
[2015-05-03 14:50:31] EDIT garden_2_may/views/reslayout.html: 0
[2015-05-03 14:50:40] EDIT garden_2_may/views/reslayout.html: 0
[2015-05-03 14:50:45] EDIT garden_2_may/views/reslayout.html: 0
[2015-05-03 14:50:51] EDIT garden_2_may/views/reslayout.html: 0
[2015-05-03 14:54:36] EDIT garden_2_may/controllers/order.py: 0
[2015-05-03 14:55:33] EDIT garden_2_may/controllers/order.py: 1
[2015-05-03 14:56:30] EDIT garden_2_may/controllers/order.py: 2
[2015-05-03 14:56:42] EDIT garden_2_may/controllers/order.py: 0
[2015-05-03 14:57:12] EDIT garden_2_may/controllers/restaurant.py: 1
[2015-05-03 14:57:34] EDIT garden_2_may/controllers/restaurant.py: 0
[2015-05-03 14:57:59] EDIT garden_2_may/controllers/order.py: 0
[2015-05-03 14:59:03] EDIT garden_2_may/controllers/order.py: 0
[2015-05-03 14:59:17] EDIT garden_2_may/controllers/order.py: 0
[2015-05-03 14:59:18] EDIT garden_2_may/controllers/order.py: 0
[2015-05-03 14:59:52] EDIT garden_2_may/controllers/order.py: 0
[2015-05-03 15:00:35] EDIT garden_2_may/controllers/order.py: 0
[2015-05-03 15:01:31] EDIT garden_2_may/controllers/order.py: 0
[2015-05-03 15:01:57] EDIT garden_2_may/controllers/order.py: 0
[2015-05-03 15:02:37] EDIT garden_2_may/controllers/order.py: 0
[2015-05-03 15:03:10] EDIT garden_2_may/controllers/order.py: 0
[2015-05-03 15:04:11] EDIT garden_2_may/controllers/order.py: 2
[2015-05-03 15:05:09] EDIT garden_2_may/controllers/order.py: 0
[2015-05-03 15:05:30] EDIT garden_2_may/controllers/order.py: 0
[2015-05-03 15:06:12] EDIT garden_2_may/views/order/homepage.html: 0
[2015-05-03 15:06:35] EDIT garden_2_may/views/order/homepage.html: 3
[2015-05-03 15:06:42] EDIT garden_2_may/views/order/homepage.html: 0
[2015-05-03 15:06:49] EDIT garden_2_may/views/order/homepage.html: 0
[2015-05-03 15:10:36] EDIT garden_2_may/controllers/order.py: 2
[2015-05-03 15:12:26] EDIT garden_2_may/controllers/order.py: 0
[2015-05-03 15:12:38] EDIT garden_2_may/controllers/order.py: 0
[2015-05-03 15:13:01] EDIT garden_2_may/controllers/order.py: 0
[2015-05-03 15:13:10] EDIT garden_2_may/controllers/order.py: 0
[2015-05-03 15:13:39] EDIT garden_2_may/controllers/order.py: -1
[2015-05-03 15:15:41] EDIT garden_2_may/controllers/order.py: 1
[2015-05-03 15:17:55] EDIT garden_2_may/controllers/order.py: 2
[2015-05-03 15:18:06] EDIT garden_2_may/controllers/order.py: 0
[2015-05-03 15:18:12] EDIT garden_2_may/controllers/order.py: 1
[2015-05-03 15:18:23] EDIT garden_2_may/controllers/order.py: 0
[2015-05-03 15:18:37] EDIT garden_2_may/controllers/order.py: -1
[2015-05-03 15:24:08] EDIT garden_2_may/views/orderlayout.html: 0
[2015-05-03 15:24:31] EDIT garden_2_may/views/orderlayout.html: 0
[2015-05-03 15:24:46] EDIT garden_2_may/views/orderlayout.html: 0
[2015-05-03 15:30:16] EDIT garden_2_may/views/orderlayout.html: 1
[2015-05-03 15:30:48] EDIT garden_2_may/views/orderlayout.html: 1
[2015-05-03 15:31:03] EDIT garden_2_may/views/orderlayout.html: 0
[2015-05-03 15:32:52] EDIT garden_2_may/views/orderlayout.html: 0
[2015-05-03 15:33:01] EDIT garden_2_may/views/orderlayout.html: 0
[2015-05-03 15:33:51] EDIT garden_2_may/views/orderlayout.html: 0
[2015-05-03 15:35:07] EDIT garden_2_may/views/orderlayout.html: 0
[2015-05-03 15:35:18] EDIT garden_2_may/views/orderlayout.html: 0
[2015-05-03 15:36:42] EDIT garden_2_may/views/orderlayout.html: 0
[2015-05-03 15:37:00] EDIT garden_2_may/views/orderlayout.html: 0
[2015-05-03 15:37:37] EDIT garden_2_may/views/orderlayout.html: 0
[2015-05-03 15:38:12] EDIT garden_2_may/views/orderlayout.html: 0
[2015-05-03 15:39:13] EDIT garden_2_may/views/orderlayout.html: 0
[2015-05-03 15:42:57] EDIT garden_2_may/views/orderlayout.html: 0
[2015-05-03 15:45:04] EDIT garden_2_may/views/orderlayout.html: 0
[2015-05-03 15:46:46] EDIT garden_2_may/controllers/order.py: 1
[2015-05-03 15:47:04] EDIT garden_2_may/views/orderlayout.html: 0
[2015-05-03 15:54:26] EDIT garden_2_may/views/orderlayout.html: 0
[2015-05-03 15:55:53] EDIT garden_2_may/views/order/searchfood.html: 5
[2015-05-03 15:56:16] EDIT garden_2_may/views/order/searchfood.html: 0
[2015-05-03 16:00:41] EDIT garden_2_may/views/order/searchfood.html: 0
[2015-05-03 16:02:38] EDIT garden_2_may/views/order/searchfood.html: 0
[2015-05-03 16:03:16] CREATE order/seemenu.html: 0
[2015-05-03 16:03:22] EDIT garden_2_may/views/order/seemenu.html: 0
[2015-05-03 16:04:27] EDIT garden_2_may/controllers/order.py: 3
[2015-05-03 16:09:16] EDIT garden_2_may/controllers/order.py: 7
[2015-05-03 16:09:43] EDIT garden_2_may/controllers/order.py: 0
[2015-05-03 16:10:15] EDIT garden_2_may/controllers/order.py: 1
[2015-05-03 16:12:07] EDIT garden_2_may/views/order/seemenu.html: 1
[2015-05-03 16:12:35] EDIT garden_2_may/private/todo: 1
[2015-05-03 16:15:08] EDIT garden_2_may/controllers/order.py: 3
[2015-05-03 16:18:17] EDIT garden_2_may/controllers/order.py: 4
[2015-05-03 16:18:22] EDIT garden_2_may/controllers/order.py: 0
[2015-05-03 16:18:28] EDIT garden_2_may/controllers/order.py: 0
[2015-05-03 16:18:36] EDIT garden_2_may/controllers/order.py: 0
[2015-05-03 16:18:48] EDIT garden_2_may/controllers/order.py: 1
[2015-05-03 16:19:08] CREATE order/seeitem.html: 0
[2015-05-03 16:19:12] EDIT garden_2_may/views/order/seeitem.html: 0
[2015-05-03 16:20:35] EDIT garden_2_may/controllers/order.py: 0
[2015-05-03 16:20:49] EDIT garden_2_may/controllers/order.py: 0
[2015-05-03 16:21:00] EDIT garden_2_may/controllers/order.py: 0
[2015-05-03 16:21:04] EDIT garden_2_may/controllers/order.py: 0
[2015-05-03 16:21:43] EDIT garden_2_may/controllers/order.py: 0
[2015-05-03 16:21:54] EDIT garden_2_may/controllers/order.py: 0
[2015-05-03 16:22:31] EDIT garden_2_may/controllers/order.py: 0
[2015-05-03 16:22:55] EDIT garden_2_may/controllers/order.py: 0
[2015-05-03 16:24:17] EDIT garden_2_may/views/order/seeitem.html: 1
[2015-05-03 16:24:48] EDIT garden_2_may/private/todo: 1
[2015-05-03 16:29:10] EDIT garden_2_may/models/order/plate.py: 0
[2015-05-03 16:31:10] EDIT garden_2_may/models/order/plate.py: 0
[2015-05-03 16:33:53] EDIT garden_2_may/models/order/plate.py: 0
[2015-05-03 16:34:36] EDIT garden_2_may/models/order/plate.py: 0
[2015-05-03 16:45:08] EDIT garden_2_may/models/db.py: 1
[2015-05-03 16:48:48] EDIT garden_2_may/controllers/order.py: 12
[2015-05-03 16:49:22] EDIT garden_2_may/controllers/order.py: 0
[2015-05-03 16:49:31] EDIT garden_2_may/controllers/order.py: 0
[2015-05-03 16:50:01] CREATE order/see_plate.html: 0
[2015-05-03 16:50:07] EDIT garden_2_may/views/order/see_plate.html: 0
[2015-05-03 17:12:54] EDIT garden_2_may/models/order/plate.py: 4
[2015-05-03 17:15:52] EDIT garden_2_may/models/order/plate.py: 2
[2015-05-03 17:15:55] EDIT garden_2_may/models/order/plate.py: 0
[2015-05-03 17:15:56] EDIT garden_2_may/models/order/plate.py: 0
[2015-05-03 17:19:14] EDIT garden_2_may/controllers/order.py: 10
[2015-05-03 17:19:31] CREATE order/storeplate.html: 0
[2015-05-03 17:19:42] EDIT garden_2_may/views/order/storeplate.html: -1
[2015-05-03 17:19:49] EDIT garden_2_may/models/order/plate.py: -2
[2015-05-03 17:19:52] EDIT garden_2_may/views/order/see_plate.html: 0
[2015-05-03 17:20:13] EDIT garden_2_may/models/order/plate.py: 0
[2015-05-03 17:20:33] EDIT garden_2_may/models/order/plate.py: 0
[2015-05-03 17:21:57] EDIT garden_2_may/models/order/plate.py: 1
[2015-05-03 17:22:33] EDIT garden_2_may/models/order/plate.py: 0
[2015-05-03 17:22:34] EDIT garden_2_may/models/order/plate.py: 0
[2015-05-03 17:22:42] EDIT garden_2_may/models/order/plate.py: 0
[2015-05-03 17:23:13] EDIT garden_2_may/models/order/plate.py: 0
[2015-05-03 17:23:32] EDIT garden_2_may/models/order/plate.py: 0
[2015-05-03 17:23:57] EDIT garden_2_may/controllers/order.py: 0
[2015-05-03 17:29:11] EDIT garden_2_may/models/order/plate.py: 6
[2015-05-03 17:32:04] EDIT garden_2_may/models/order/plate.py: 6
[2015-05-03 17:32:33] EDIT garden_2_may/controllers/order.py: 0
[2015-05-03 17:32:47] EDIT garden_2_may/controllers/order.py: 0
[2015-05-03 17:32:57] EDIT garden_2_may/controllers/order.py: 0
[2015-05-03 17:36:01] EDIT garden_2_may/views/orderlayout.html: -1
[2015-05-03 17:45:06] EDIT garden_2_may/controllers/order.py: -11
[2015-05-03 17:46:05] EDIT garden_2_may/controllers/order.py: 0
[2015-05-03 17:46:47] EDIT garden_2_may/controllers/order.py: 0
[2015-05-03 17:51:42] EDIT garden_2_may/controllers/order.py: 4
[2015-05-03 17:52:36] EDIT garden_2_may/controllers/order.py: 0
[2015-05-03 17:56:04] EDIT garden_2_may/views/order/storeplate.html: 10
[2015-05-03 18:00:53] EDIT garden_2_may/views/order/storeplate.html: 1
[2015-05-03 18:01:04] EDIT garden_2_may/views/order/storeplate.html: 0
[2015-05-03 18:01:17] EDIT garden_2_may/views/order/storeplate.html: 0
[2015-05-03 18:07:20] EDIT garden_2_may/models/order/plate.py: 5
[2015-05-03 18:07:25] EDIT garden_2_may/models/order/plate.py: 0
[2015-05-03 18:09:51] EDIT garden_2_may/views/order/seemenu.html: -1
[2015-05-03 18:10:02] EDIT garden_2_may/views/order/seemenu.html: 0
[2015-05-03 18:11:22] EDIT garden_2_may/views/order/seemenu.html: 6
[2015-05-03 18:12:55] EDIT garden_2_may/views/order/seemenu.html: 4
[2015-05-03 18:15:03] EDIT garden_2_may/views/order/seemenu.html: 1
[2015-05-03 18:16:02] EDIT garden_2_may/views/order/seemenu.html: 0
[2015-05-03 18:16:14] EDIT garden_2_may/views/order/seemenu.html: 0
[2015-05-03 18:16:22] EDIT garden_2_may/views/order/seemenu.html: 0
[2015-05-03 18:17:20] EDIT garden_2_may/views/order/seemenu.html: 0
[2015-05-03 18:18:02] EDIT garden_2_may/views/order/seemenu.html: 0
[2015-05-03 18:19:21] EDIT garden_2_may/views/order/seeitem.html: -2
[2015-05-03 18:26:44] EDIT garden_2_may/controllers/order.py: 2
[2015-05-03 18:31:12] EDIT garden_2_may/views/order/seeitem.html: 1
[2015-05-03 18:31:40] EDIT garden_2_may/views/order/seeitem.html: 0
[2015-05-03 18:32:56] EDIT garden_2_may/views/order/seeitem.html: 0
[2015-05-03 18:33:17] EDIT garden_2_may/controllers/order.py: 0
[2015-05-03 18:33:30] EDIT garden_2_may/controllers/order.py: 0
[2015-05-03 18:40:34] EDIT garden_2_may/views/order/seeitem.html: 0
[2015-05-03 19:58:38] EDIT Kungfupanda/controllers/restaurant.py: 2
[2015-05-03 20:02:50] EDIT Kungfupanda/views/restaurant/view_menu.html: 5
[2015-05-03 20:02:54] EDIT Kungfupanda/views/restaurant/view_menu.html: 0
[2015-05-03 20:03:42] EDIT Kungfupanda/views/restaurant/view_menu.html: 2
[2015-05-03 20:03:46] EDIT Kungfupanda/views/restaurant/view_menu.html: 0
[2015-05-03 20:03:46] EDIT Kungfupanda/views/restaurant/view_menu.html: 0
[2015-05-03 20:05:26] EDIT Kungfupanda/views/restaurant/view_menu.html: 0
[2015-05-03 20:06:03] EDIT Kungfupanda/views/restaurant/view_menu.html: 0
[2015-05-03 20:06:30] EDIT Kungfupanda/views/restaurant/view_menu.html: 0
[2015-05-03 20:06:59] EDIT Kungfupanda/views/restaurant/view_menu.html: 2
[2015-05-03 20:12:52] EDIT Kungfupanda/views/restaurant/view_menu.html: 0
[2015-05-03 20:18:01] EDIT Kungfupanda/views/restaurant/view_menu.html: 0
[2015-05-03 20:28:34] EDIT Kungfupanda/views/restaurant/view_menu.html: 1
[2015-05-03 20:28:46] EDIT Kungfupanda/views/restaurant/view_menu.html: 0
[2015-05-03 20:29:07] EDIT Kungfupanda/views/restaurant/view_menu.html: 0
[2015-05-03 20:29:42] EDIT Kungfupanda/views/restaurant/view_menu.html: 0
[2015-05-03 20:29:51] EDIT Kungfupanda/views/restaurant/view_menu.html: 0
[2015-05-03 20:30:05] EDIT Kungfupanda/views/restaurant/view_menu.html: 0
[2015-05-03 20:30:31] EDIT Kungfupanda/views/restaurant/view_menu.html: 0
[2015-05-03 20:30:51] EDIT Kungfupanda/views/restaurant/view_menu.html: 0
[2015-05-03 20:32:25] EDIT Kungfupanda/views/restaurant/view_menu.html: 0
[2015-05-03 20:33:56] EDIT Kungfupanda/views/restaurant/view_menu.html: 1
[2015-05-03 20:34:23] EDIT Kungfupanda/views/restaurant/view_menu.html: 1
[2015-05-03 20:34:25] EDIT Kungfupanda/views/restaurant/view_menu.html: 0
[2015-05-03 20:58:12] EDIT Kungfupanda/models/restaurant.py: 0
[2015-05-03 20:59:02] EDIT Kungfupanda/models/restaurant.py: 0
[2015-05-03 21:01:17] EDIT Kungfupanda/models/restaurant.py: 0
[2015-05-03 21:01:19] EDIT Kungfupanda/models/restaurant.py: 0
[2015-05-03 21:01:28] EDIT Kungfupanda/models/restaurant.py: 0
[2015-05-03 22:24:25] EDIT Kungfupanda/models/restaurant.py: 0
[2015-05-03 22:33:21] EDIT Gardeners_temp/views/restaurant/view_menu.html: 1
[2015-05-03 22:33:33] EDIT Gardeners_temp/views/restaurant/view_menu.html: 1
[2015-05-03 22:33:36] EDIT Gardeners_temp/views/restaurant/view_menu.html: 0
[2015-05-03 22:33:41] EDIT Gardeners_temp/views/restaurant/view_menu.html: 0
[2015-05-03 22:40:15] EDIT Gardeners_temp/views/restaurant/index.html: 3
[2015-05-03 22:43:14] EDIT Gardeners_temp/views/restaurant/index.html: 2
[2015-05-03 22:44:21] EDIT Gardeners_temp/views/restaurant/index.html: 0
[2015-05-03 22:44:39] EDIT Gardeners_temp/views/restaurant/index.html: 0
[2015-05-03 22:44:41] EDIT Gardeners_temp/views/restaurant/index.html: 0
[2015-05-03 23:04:40] EDIT Gardeners_temp/views/restaurant/index.html: 8
[2015-05-03 23:04:57] EDIT Gardeners_temp/views/restaurant/index.html: 0
[2015-05-03 23:05:19] EDIT Gardeners_temp/views/restaurant/index.html: -1
[2015-05-03 23:13:42] EDIT Gardeners_temp/views/restaurant/index.html: 0
[2015-05-03 23:46:00] EDIT Gardeners_temp/views/restaurant/view_menu.html: 2
[2015-05-03 23:47:21] EDIT Gardeners_temp/views/restaurant/view_menu.html: 0
[2015-05-03 23:47:34] EDIT Gardeners_temp/views/restaurant/view_menu.html: 0
[2015-05-03 23:48:11] EDIT Gardeners_temp/views/restaurant/view_menu.html: -1
[2015-05-03 23:48:22] EDIT Gardeners_temp/views/restaurant/view_menu.html: -2
[2015-05-03 23:48:40] EDIT Gardeners_temp/views/restaurant/view_menu.html: 1
